The system is: Windows - 10.0.19045 - AMD64
Compiling the C compiler identification source file "CMakeCCompilerId.c" succeeded.
Compiler:  
Build flags: 
Id flags:  

The output was:
0
msbuild 버전 17.8.3+195e7f5a3(.NET Framework용)
빌드 시작: 2024-01-10 오후 10:56:50

1 노드의 "D:\Coding\CodingStudyStuff\gameStudy\CMakeUdemy\build\CMakeFiles\3.25.1\CompilerIdC\CompilerIdC.vcxproj" 프로젝트(기본 대상)입니다.
PrepareForBuild:
  "Debug\" 디렉터리를 만들고 있습니다.
  구조적 출력을 사용할 수 있습니다. 컴파일러 진단의 서식은 오류 계층 구조를 반영합니다. 자세한 내용은 https://aka.ms/cpp/structured-output을 참조하세요.
  "Debug\CompilerIdC.tlog\" 디렉터리를 만들고 있습니다.
InitializeBuildStatus:
  "AlwaysCreate"이(가) 지정되었기 때문에 "Debug\CompilerIdC.tlog\unsuccessfulbuild"을(를) 만들고 있습니다.
  "Debug\CompilerIdC.tlog\unsuccessfulbuild"에 연결(touching)하고 있습니다.
VcpkgTripletSelection:
  Using triplet "x64-windows" from "D:\Coding\CodingStudyStuff\gameStudy\CMakeUdemy\external\vcpkg\installed\x64-windows\"
  Using normalized configuration "Release"
VcpkgCheckManifestRoot:
  The vcpkg manifest was disabled, but we found a manifest file in D:\Coding\CodingStudyStuff\gameStudy\CMakeUdemy\. You may want to enable vcpkg manifests in your properties page or pass /p:VcpkgEnableManifest=true to the msbuild invocation.
ClCompile:
  C:\Program Files\Microsoft Visual Studio\2022\Community\VC\Tools\MSVC\14.38.33130\bin\HostX64\x64\CL.exe /c /I"D:\Coding\CodingStudyStuff\gameStudy\CMakeUdemy\external\vcpkg\installed\x64-windows\include" /nologo /W0 /WX- /diagnostics:column /Od /D _MBCS /Gm- /EHsc /RTC1 /MDd /GS /fp:precise /Zc:wchar_t /Zc:forScope /Zc:inline /Fo"Debug\\" /Fd"Debug\vc143.pdb" /external:W0 /Gd /TC /FC /errorReport:queue CMakeCCompilerId.c
  CMakeCCompilerId.c
Link:
  C:\Program Files\Microsoft Visual Studio\2022\Community\VC\Tools\MSVC\14.38.33130\bin\HostX64\x64\link.exe /ERRORREPORT:QUEUE /OUT:".\CompilerIdC.exe" /INCREMENTAL:NO /NOLOGO /LIBPATH:"D:\Coding\CodingStudyStuff\gameStudy\CMakeUdemy\external\vcpkg\installed\x64-windows\lib" /LIBPATH:"D:\Coding\CodingStudyStuff\gameStudy\CMakeUdemy\external\vcpkg\installed\x64-windows\lib\manual-link" kernel32.lib user32.lib gdi32.lib winspool.lib comdlg32.lib advapi32.lib shell32.lib ole32.lib oleaut32.lib uuid.lib odbc32.lib odbccp32.lib "D:\Coding\CodingStudyStuff\gameStudy\CMakeUdemy\external\vcpkg\installed\x64-windows\lib\*.lib" /MANIFEST /MANIFESTUAC:"level='asInvoker' uiAccess='false'" /manifest:embed /PDB:".\CompilerIdC.pdb" /SUBSYSTEM:CONSOLE /TLBID:1 /DYNAMICBASE /NXCOMPAT /IMPLIB:".\CompilerIdC.lib" /MACHINE:X64 Debug\CMakeCCompilerId.obj
  CompilerIdC.vcxproj -> D:\Coding\CodingStudyStuff\gameStudy\CMakeUdemy\build\CMakeFiles\3.25.1\CompilerIdC\CompilerIdC.exe
AppLocalFromInstalled:
  pwsh.exe -ExecutionPolicy Bypass -noprofile -File "D:\Coding\CodingStudyStuff\gameStudy\CMakeUdemy\external\vcpkg\scripts\buildsystems\msbuild\applocal.ps1" "D:\Coding\CodingStudyStuff\gameStudy\CMakeUdemy\build\CMakeFiles\3.25.1\CompilerIdC\CompilerIdC.exe" "D:\Coding\CodingStudyStuff\gameStudy\CMakeUdemy\external\vcpkg\installed\x64-windows\bin" "Debug\CompilerIdC.tlog\CompilerIdC.write.1u.tlog" "Debug\vcpkg.applocal.log"
  'pwsh.exe'은(는) 내부 또는 외부 명령, 실행할 수 있는 프로그램, 또는
  배치 파일이 아닙니다.
  "pwsh.exe -ExecutionPolicy Bypass -noprofile -File "D:\Coding\CodingStudyStuff\gameStudy\CMakeUdemy\external\vcpkg\scripts\buildsystems\msbuild\applocal.ps1" "D:\Coding\CodingStudyStuff\gameStudy\CMakeUdemy\build\CMakeFiles\3.25.1\CompilerIdC\CompilerIdC.exe" "D:\Coding\CodingStudyStuff\gameStudy\CMakeUdemy\external\vcpkg\installed\x64-windows\bin" "Debug\CompilerIdC.tlog\CompilerIdC.write.1u.tlog" "Debug\vcpkg.applocal.log"" 명령이 종료되었습니다(코드: 9009).
  "C:\Windows\System32\WindowsPowerShell\v1.0\powershell.exe" -ExecutionPolicy Bypass -noprofile -File "D:\Coding\CodingStudyStuff\gameStudy\CMakeUdemy\external\vcpkg\scripts\buildsystems\msbuild\applocal.ps1" "D:\Coding\CodingStudyStuff\gameStudy\CMakeUdemy\build\CMakeFiles\3.25.1\CompilerIdC\CompilerIdC.exe" "D:\Coding\CodingStudyStuff\gameStudy\CMakeUdemy\external\vcpkg\installed\x64-windows\bin" "Debug\CompilerIdC.tlog\CompilerIdC.write.1u.tlog" "Debug\vcpkg.applocal.log"
PostBuildEvent:
  for %%i in (cl.exe) do @echo CMAKE_C_COMPILER=%%~$PATH:i
  :VCEnd
  CMAKE_C_COMPILER=C:\Program Files\Microsoft Visual Studio\2022\Community\VC\Tools\MSVC\14.38.33130\bin\Hostx64\x64\cl.exe
FinalizeBuildStatus:
  "Debug\CompilerIdC.tlog\unsuccessfulbuild" 파일을 삭제하고 있습니다.
  "Debug\CompilerIdC.tlog\CompilerIdC.lastbuildstate"에 연결(touching)하고 있습니다.
"D:\Coding\CodingStudyStuff\gameStudy\CMakeUdemy\build\CMakeFiles\3.25.1\CompilerIdC\CompilerIdC.vcxproj" 프로젝트를 빌드했습니다(기본 대상).

빌드했습니다.
    경고 0개
    오류 0개

경과 시간: 00:00:02.45


Compilation of the C compiler identification source "CMakeCCompilerId.c" produced "CompilerIdC.exe"

Compilation of the C compiler identification source "CMakeCCompilerId.c" produced "CompilerIdC.vcxproj"

The C compiler identification is MSVC, found in "D:/Coding/CodingStudyStuff/gameStudy/CMakeUdemy/build/CMakeFiles/3.25.1/CompilerIdC/CompilerIdC.exe"

Compiling the CXX compiler identification source file "CMakeCXXCompilerId.cpp" succeeded.
Compiler:  
Build flags: 
Id flags:  

The output was:
0
msbuild 버전 17.8.3+195e7f5a3(.NET Framework용)
빌드 시작: 2024-01-10 오후 10:56:53

1 노드의 "D:\Coding\CodingStudyStuff\gameStudy\CMakeUdemy\build\CMakeFiles\3.25.1\CompilerIdCXX\CompilerIdCXX.vcxproj" 프로젝트(기본 대상)입니다.
PrepareForBuild:
  "Debug\" 디렉터리를 만들고 있습니다.
  구조적 출력을 사용할 수 있습니다. 컴파일러 진단의 서식은 오류 계층 구조를 반영합니다. 자세한 내용은 https://aka.ms/cpp/structured-output을 참조하세요.
  "Debug\CompilerIdCXX.tlog\" 디렉터리를 만들고 있습니다.
InitializeBuildStatus:
  "AlwaysCreate"이(가) 지정되었기 때문에 "Debug\CompilerIdCXX.tlog\unsuccessfulbuild"을(를) 만들고 있습니다.
  "Debug\CompilerIdCXX.tlog\unsuccessfulbuild"에 연결(touching)하고 있습니다.
VcpkgTripletSelection:
  Using triplet "x64-windows" from "D:\Coding\CodingStudyStuff\gameStudy\CMakeUdemy\external\vcpkg\installed\x64-windows\"
  Using normalized configuration "Release"
VcpkgCheckManifestRoot:
  The vcpkg manifest was disabled, but we found a manifest file in D:\Coding\CodingStudyStuff\gameStudy\CMakeUdemy\. You may want to enable vcpkg manifests in your properties page or pass /p:VcpkgEnableManifest=true to the msbuild invocation.
ClCompile:
  C:\Program Files\Microsoft Visual Studio\2022\Community\VC\Tools\MSVC\14.38.33130\bin\HostX64\x64\CL.exe /c /I"D:\Coding\CodingStudyStuff\gameStudy\CMakeUdemy\external\vcpkg\installed\x64-windows\include" /nologo /W0 /WX- /diagnostics:column /Od /D _MBCS /Gm- /EHsc /RTC1 /MDd /GS /fp:precise /Zc:wchar_t /Zc:forScope /Zc:inline /Fo"Debug\\" /Fd"Debug\vc143.pdb" /external:W0 /Gd /TP /FC /errorReport:queue CMakeCXXCompilerId.cpp
  CMakeCXXCompilerId.cpp
Link:
  C:\Program Files\Microsoft Visual Studio\2022\Community\VC\Tools\MSVC\14.38.33130\bin\HostX64\x64\link.exe /ERRORREPORT:QUEUE /OUT:".\CompilerIdCXX.exe" /INCREMENTAL:NO /NOLOGO /LIBPATH:"D:\Coding\CodingStudyStuff\gameStudy\CMakeUdemy\external\vcpkg\installed\x64-windows\lib" /LIBPATH:"D:\Coding\CodingStudyStuff\gameStudy\CMakeUdemy\external\vcpkg\installed\x64-windows\lib\manual-link" kernel32.lib user32.lib gdi32.lib winspool.lib comdlg32.lib advapi32.lib shell32.lib ole32.lib oleaut32.lib uuid.lib odbc32.lib odbccp32.lib "D:\Coding\CodingStudyStuff\gameStudy\CMakeUdemy\external\vcpkg\installed\x64-windows\lib\*.lib" /MANIFEST /MANIFESTUAC:"level='asInvoker' uiAccess='false'" /manifest:embed /PDB:".\CompilerIdCXX.pdb" /SUBSYSTEM:CONSOLE /TLBID:1 /DYNAMICBASE /NXCOMPAT /IMPLIB:".\CompilerIdCXX.lib" /MACHINE:X64 Debug\CMakeCXXCompilerId.obj
  CompilerIdCXX.vcxproj -> D:\Coding\CodingStudyStuff\gameStudy\CMakeUdemy\build\CMakeFiles\3.25.1\CompilerIdCXX\CompilerIdCXX.exe
AppLocalFromInstalled:
  pwsh.exe -ExecutionPolicy Bypass -noprofile -File "D:\Coding\CodingStudyStuff\gameStudy\CMakeUdemy\external\vcpkg\scripts\buildsystems\msbuild\applocal.ps1" "D:\Coding\CodingStudyStuff\gameStudy\CMakeUdemy\build\CMakeFiles\3.25.1\CompilerIdCXX\CompilerIdCXX.exe" "D:\Coding\CodingStudyStuff\gameStudy\CMakeUdemy\external\vcpkg\installed\x64-windows\bin" "Debug\CompilerIdCXX.tlog\CompilerIdCXX.write.1u.tlog" "Debug\vcpkg.applocal.log"
  'pwsh.exe'은(는) 내부 또는 외부 명령, 실행할 수 있는 프로그램, 또는
  배치 파일이 아닙니다.
  "pwsh.exe -ExecutionPolicy Bypass -noprofile -File "D:\Coding\CodingStudyStuff\gameStudy\CMakeUdemy\external\vcpkg\scripts\buildsystems\msbuild\applocal.ps1" "D:\Coding\CodingStudyStuff\gameStudy\CMakeUdemy\build\CMakeFiles\3.25.1\CompilerIdCXX\CompilerIdCXX.exe" "D:\Coding\CodingStudyStuff\gameStudy\CMakeUdemy\external\vcpkg\installed\x64-windows\bin" "Debug\CompilerIdCXX.tlog\CompilerIdCXX.write.1u.tlog" "Debug\vcpkg.applocal.log"" 명령이 종료되었습니다(코드: 9009).
  "C:\Windows\System32\WindowsPowerShell\v1.0\powershell.exe" -ExecutionPolicy Bypass -noprofile -File "D:\Coding\CodingStudyStuff\gameStudy\CMakeUdemy\external\vcpkg\scripts\buildsystems\msbuild\applocal.ps1" "D:\Coding\CodingStudyStuff\gameStudy\CMakeUdemy\build\CMakeFiles\3.25.1\CompilerIdCXX\CompilerIdCXX.exe" "D:\Coding\CodingStudyStuff\gameStudy\CMakeUdemy\external\vcpkg\installed\x64-windows\bin" "Debug\CompilerIdCXX.tlog\CompilerIdCXX.write.1u.tlog" "Debug\vcpkg.applocal.log"
PostBuildEvent:
  for %%i in (cl.exe) do @echo CMAKE_CXX_COMPILER=%%~$PATH:i
  :VCEnd
  CMAKE_CXX_COMPILER=C:\Program Files\Microsoft Visual Studio\2022\Community\VC\Tools\MSVC\14.38.33130\bin\Hostx64\x64\cl.exe
FinalizeBuildStatus:
  "Debug\CompilerIdCXX.tlog\unsuccessfulbuild" 파일을 삭제하고 있습니다.
  "Debug\CompilerIdCXX.tlog\CompilerIdCXX.lastbuildstate"에 연결(touching)하고 있습니다.
"D:\Coding\CodingStudyStuff\gameStudy\CMakeUdemy\build\CMakeFiles\3.25.1\CompilerIdCXX\CompilerIdCXX.vcxproj" 프로젝트를 빌드했습니다(기본 대상).

빌드했습니다.
    경고 0개
    오류 0개

경과 시간: 00:00:02.09


Compilation of the CXX compiler identification source "CMakeCXXCompilerId.cpp" produced "CompilerIdCXX.exe"

Compilation of the CXX compiler identification source "CMakeCXXCompilerId.cpp" produced "CompilerIdCXX.vcxproj"

The CXX compiler identification is MSVC, found in "D:/Coding/CodingStudyStuff/gameStudy/CMakeUdemy/build/CMakeFiles/3.25.1/CompilerIdCXX/CompilerIdCXX.exe"

Detecting C compiler ABI info compiled with the following output:
Change Dir: D:/Coding/CodingStudyStuff/gameStudy/CMakeUdemy/build/CMakeFiles/CMakeScratch/TryCompile-tubz7b

Run Build Command(s):C:/Program Files/Microsoft Visual Studio/2022/Community/MSBuild/Current/Bin/amd64/MSBuild.exe cmTC_f8465.vcxproj /p:Configuration=Debug /p:Platform=x64 /p:VisualStudioVersion=17.0 /v:m && msbuild 버전 17.8.3+195e7f5a3(.NET Framework용)

  The vcpkg manifest was disabled, but we found a manifest file in D:\Coding\CodingStudyStuff\gameStudy\CMakeUdemy\. You may want to enable vcpkg manifests in your properties page or pass /p:VcpkgEnableManifest=true to the msbuild invocation.
  Microsoft (R) C/C++ 최적화 컴파일러 버전 19.38.33133(x64)
  Copyright (c) Microsoft Corporation. All rights reserved.
  cl /c /I"D:\Coding\CodingStudyStuff\gameStudy\CMakeUdemy\external\vcpkg\installed\x64-windows\include" /Zi /W1 /WX- /diagnostics:column /Od /Ob0 /D _MBCS /D WIN32 /D _WINDOWS /D "CMAKE_INTDIR=\"Debug\"" /Gm- /RTC1 /MDd /GS /fp:precise /Zc:wchar_t /Zc:forScope /Zc:inline /Fo"cmTC_f8465.dir\Debug\\" /Fd"cmTC_f8465.dir\Debug\vc143.pdb" /external:W1 /Gd /TC /errorReport:queue "C:\Program Files\CMake\share\cmake-3.25\Modules\CMakeCCompilerABI.c"
  CMakeCCompilerABI.c
  cmTC_f8465.vcxproj -> D:\Coding\CodingStudyStuff\gameStudy\CMakeUdemy\build\CMakeFiles\CMakeScratch\TryCompile-tubz7b\Debug\cmTC_f8465.exe
  'pwsh.exe'은(는) 내부 또는 외부 명령, 실행할 수 있는 프로그램, 또는
  배치 파일이 아닙니다.



Detecting CXX compiler ABI info compiled with the following output:
Change Dir: D:/Coding/CodingStudyStuff/gameStudy/CMakeUdemy/build/CMakeFiles/CMakeScratch/TryCompile-xy3yh4

Run Build Command(s):C:/Program Files/Microsoft Visual Studio/2022/Community/MSBuild/Current/Bin/amd64/MSBuild.exe cmTC_79da9.vcxproj /p:Configuration=Debug /p:Platform=x64 /p:VisualStudioVersion=17.0 /v:m && msbuild 버전 17.8.3+195e7f5a3(.NET Framework용)

  The vcpkg manifest was disabled, but we found a manifest file in D:\Coding\CodingStudyStuff\gameStudy\CMakeUdemy\. You may want to enable vcpkg manifests in your properties page or pass /p:VcpkgEnableManifest=true to the msbuild invocation.
  Microsoft (R) C/C++ 최적화 컴파일러 버전 19.38.33133(x64)
  Copyright (c) Microsoft Corporation. All rights reserved.
  cl /c /I"D:\Coding\CodingStudyStuff\gameStudy\CMakeUdemy\external\vcpkg\installed\x64-windows\include" /Zi /W1 /WX- /diagnostics:column /Od /Ob0 /D _MBCS /D WIN32 /D _WINDOWS /D "CMAKE_INTDIR=\"Debug\"" /Gm- /EHsc /RTC1 /MDd /GS /fp:precise /Zc:wchar_t /Zc:forScope /Zc:inline /Fo"cmTC_79da9.dir\Debug\\" /Fd"cmTC_79da9.dir\Debug\vc143.pdb" /external:W1 /Gd /TP /errorReport:queue "C:\Program Files\CMake\share\cmake-3.25\Modules\CMakeCXXCompilerABI.cpp"
  CMakeCXXCompilerABI.cpp
  cmTC_79da9.vcxproj -> D:\Coding\CodingStudyStuff\gameStudy\CMakeUdemy\build\CMakeFiles\CMakeScratch\TryCompile-xy3yh4\Debug\cmTC_79da9.exe
  'pwsh.exe'은(는) 내부 또는 외부 명령, 실행할 수 있는 프로그램, 또는
  배치 파일이 아닙니다.



